This file contains any messages produced by compilers while
running configure, to aid debugging if configure makes a mistake.

It was created by configure, which was
generated by GNU Autoconf 2.59.  Invocation command line was

  $ ./configure --enable-maintainer-mode

## --------- ##
## Platform. ##
## --------- ##

hostname = server.lan
uname -m = i686
uname -r = 2.6.11-6mdk
uname -s = Linux
uname -v = #1 Tue Mar 22 16:04:32 CET 2005

/usr/bin/uname -p = unknown
/bin/uname -X     = unknown

/bin/arch              = i686
/usr/bin/arch -k       = unknown
/usr/convex/getsysinfo = unknown
hostinfo               = unknown
/bin/machine           = unknown
/usr/bin/oslevel       = unknown
/bin/universe          = unknown

PATH: /usr/bin
PATH: /bin
PATH: /usr/bin
PATH: /usr/local/bin
PATH: /usr/X11R6/bin/
PATH: /usr/games
PATH: /usr/share/apps/superkaramba/scripts
PATH: /usr/share/apps/superkaramba/scripts


## ----------- ##
## Core tests. ##
## ----------- ##

configure:1337: checking for a BSD-compatible install
configure:1392: result: /usr/bin/install -c
configure:1403: checking whether build environment is sane
configure:1446: result: yes
configure:1461: checking whether make sets $(MAKE)
configure:1481: result: yes
configure:1513: checking for working aclocal-1.4
configure:1520: result: found
configure:1528: checking for working autoconf
configure:1535: result: found
configure:1543: checking for working automake-1.4
configure:1550: result: found
configure:1558: checking for working autoheader
configure:1565: result: found
configure:1573: checking for working makeinfo
configure:1580: result: found
configure:1594: checking whether to enable maintainer-specific portions of Makefiles
configure:1603: result: yes
configure:1664: checking for gcc
configure:1680: found /usr/bin/gcc
configure:1690: result: gcc
configure:1934: checking for C compiler version
configure:1937: gcc --version </dev/null >&5
gcc (GCC) 3.4.3 (Mandrakelinux 10.2 3.4.3-7mdk)
Copyright (C) 2004 Free Software Foundation, Inc.
This is free software; see the source for copying conditions.  There is NO
warranty; not even for MERCHANTABILITY or FITNESS FOR A PARTICULAR PURPOSE.

configure:1940: $? = 0
configure:1942: gcc -v </dev/null >&5
Reading specs from /usr/lib/gcc/i586-mandrake-linux-gnu/3.4.3/specs
Configured with: ../configure --prefix=/usr --libexecdir=/usr/lib --with-slibdir=/lib --mandir=/usr/share/man --infodir=/usr/share/info --enable-shared --enable-threads=posix --disable-checking --enable-long-long --enable-__cxa_atexit --enable-clocale=gnu --disable-libunwind-exceptions --enable-languages=c,c++,ada,f77,objc,java --host=i586-mandrake-linux-gnu --with-system-zlib
Thread model: posix
gcc version 3.4.3 (Mandrakelinux 10.2 3.4.3-7mdk)
configure:1945: $? = 0
configure:1947: gcc -V </dev/null >&5
gcc: `-V' option must have argument
configure:1950: $? = 1
configure:1973: checking for C compiler default output file name
configure:1976: gcc    conftest.c  >&5
configure:1979: $? = 0
configure:2025: result: a.out
configure:2030: checking whether the C compiler works
configure:2036: ./a.out
configure:2039: $? = 0
configure:2056: result: yes
configure:2063: checking whether we are cross compiling
configure:2065: result: no
configure:2068: checking for suffix of executables
configure:2070: gcc -o conftest    conftest.c  >&5
configure:2073: $? = 0
configure:2098: result: 
configure:2104: checking for suffix of object files
configure:2125: gcc -c   conftest.c >&5
configure:2128: $? = 0
configure:2150: result: o
configure:2154: checking whether we are using the GNU C compiler
configure:2178: gcc -c   conftest.c >&5
configure:2184: $? = 0
configure:2188: test -z 
			 || test ! -s conftest.err
configure:2191: $? = 0
configure:2194: test -s conftest.o
configure:2197: $? = 0
configure:2210: result: yes
configure:2216: checking whether gcc accepts -g
configure:2237: gcc -c -g  conftest.c >&5
configure:2243: $? = 0
configure:2247: test -z 
			 || test ! -s conftest.err
configure:2250: $? = 0
configure:2253: test -s conftest.o
configure:2256: $? = 0
configure:2267: result: yes
configure:2284: checking for gcc option to accept ANSI C
configure:2354: gcc  -c -g -O2  conftest.c >&5
configure:2360: $? = 0
configure:2364: test -z 
			 || test ! -s conftest.err
configure:2367: $? = 0
configure:2370: test -s conftest.o
configure:2373: $? = 0
configure:2391: result: none needed
configure:2409: gcc -c -g -O2  conftest.c >&5
conftest.c:2: error: syntax error before "me"
configure:2415: $? = 1
configure: failed program was:
| #ifndef __cplusplus
|   choke me
| #endif
configure:2550: checking for strerror in -lcposix
configure:2580: gcc -o conftest -g -O2   conftest.c -lcposix   >&5
/usr/bin/ld: cannot find -lcposix
collect2: ld returned 1 exit status
configure:2586: $? = 1
configure: failed program was:
| /* confdefs.h.  */
| 
| #define PACKAGE_NAME ""
| #define PACKAGE_TARNAME ""
| #define PACKAGE_VERSION ""
| #define PACKAGE_STRING ""
| #define PACKAGE_BUGREPORT ""
| #define PACKAGE "keyTouch"
| #define VERSION "1.1"
| /* end confdefs.h.  */
| 
| /* Override any gcc2 internal prototype to avoid an error.  */
| #ifdef __cplusplus
| extern "C"
| #endif
| /* We use char because int might match the return type of a gcc2
|    builtin and then its argument prototype would still apply.  */
| char strerror ();
| int
| main ()
| {
| strerror ();
|   ;
|   return 0;
| }
configure:2612: result: no
configure:2666: checking for gcc
configure:2692: result: gcc
configure:2936: checking for C compiler version
configure:2939: gcc --version </dev/null >&5
gcc (GCC) 3.4.3 (Mandrakelinux 10.2 3.4.3-7mdk)
Copyright (C) 2004 Free Software Foundation, Inc.
This is free software; see the source for copying conditions.  There is NO
warranty; not even for MERCHANTABILITY or FITNESS FOR A PARTICULAR PURPOSE.

configure:2942: $? = 0
configure:2944: gcc -v </dev/null >&5
Reading specs from /usr/lib/gcc/i586-mandrake-linux-gnu/3.4.3/specs
Configured with: ../configure --prefix=/usr --libexecdir=/usr/lib --with-slibdir=/lib --mandir=/usr/share/man --infodir=/usr/share/info --enable-shared --enable-threads=posix --disable-checking --enable-long-long --enable-__cxa_atexit --enable-clocale=gnu --disable-libunwind-exceptions --enable-languages=c,c++,ada,f77,objc,java --host=i586-mandrake-linux-gnu --with-system-zlib
Thread model: posix
gcc version 3.4.3 (Mandrakelinux 10.2 3.4.3-7mdk)
configure:2947: $? = 0
configure:2949: gcc -V </dev/null >&5
gcc: `-V' option must have argument
configure:2952: $? = 1
configure:2955: checking whether we are using the GNU C compiler
configure:3011: result: yes
configure:3017: checking whether gcc accepts -g
configure:3068: result: yes
configure:3085: checking for gcc option to accept ANSI C
configure:3192: result: none needed
configure:3210: gcc -c -g -O2  conftest.c >&5
conftest.c:2: error: syntax error before "me"
configure:3216: $? = 1
configure: failed program was:
| #ifndef __cplusplus
|   choke me
| #endif
configure:3352: checking for gcc option to accept ANSI C
configure:3414: gcc  -c -g -O2  conftest.c >&5
configure:3420: $? = 0
configure:3424: test -z 
			 || test ! -s conftest.err
configure:3427: $? = 0
configure:3430: test -s conftest.o
configure:3433: $? = 0
configure:3448: result: none needed
configure:3464: checking how to run the C preprocessor
configure:3499: gcc -E  conftest.c
configure:3505: $? = 0
configure:3537: gcc -E  conftest.c
conftest.c:11:28: ac_nonexistent.h: No such file or directory
configure:3543: $? = 1
configure: failed program was:
| /* confdefs.h.  */
| 
| #define PACKAGE_NAME ""
| #define PACKAGE_TARNAME ""
| #define PACKAGE_VERSION ""
| #define PACKAGE_STRING ""
| #define PACKAGE_BUGREPORT ""
| #define PACKAGE "keyTouch"
| #define VERSION "1.1"
| /* end confdefs.h.  */
| #include <ac_nonexistent.h>
configure:3582: result: gcc -E
configure:3606: gcc -E  conftest.c
configure:3612: $? = 0
configure:3644: gcc -E  conftest.c
conftest.c:11:28: ac_nonexistent.h: No such file or directory
configure:3650: $? = 1
configure: failed program was:
| /* confdefs.h.  */
| 
| #define PACKAGE_NAME ""
| #define PACKAGE_TARNAME ""
| #define PACKAGE_VERSION ""
| #define PACKAGE_STRING ""
| #define PACKAGE_BUGREPORT ""
| #define PACKAGE "keyTouch"
| #define VERSION "1.1"
| /* end confdefs.h.  */
| #include <ac_nonexistent.h>
configure:3694: checking for egrep
configure:3704: result: grep -E
configure:3709: checking for ANSI C header files
configure:3734: gcc -c -g -O2  conftest.c >&5
configure:3740: $? = 0
configure:3744: test -z 
			 || test ! -s conftest.err
configure:3747: $? = 0
configure:3750: test -s conftest.o
configure:3753: $? = 0
configure:3842: gcc -o conftest -g -O2   conftest.c  >&5
configure:3845: $? = 0
configure:3847: ./conftest
configure:3850: $? = 0
configure:3865: result: yes
configure:3883: checking for pkg-config
configure:3901: found /usr/bin/pkg-config
configure:3914: result: /usr/bin/pkg-config
configure:3931: checking for gtk+-2.0 >= 2.0.0
configure:3935: result: yes
configure:3939: checking PACKAGE_CFLAGS
configure:3942: result: -DXTHREADS -D_REENTRANT -DXUSE_MTSAFE_API -I/usr/include/gtk-2.0 -I/usr/lib/gtk-2.0/include -I/usr/X11R6/include -I/usr/include/atk-1.0 -I/usr/include/pango-1.0 -I/usr/include/freetype2 -I/usr/include/freetype2/freetype2 -I/usr/include/freetype2/freetype2/config -I/usr/include/glib-2.0 -I/usr/lib/glib-2.0/include  
configure:3945: checking PACKAGE_LIBS
configure:3948: result: -lgtk-x11-2.0 -lgdk-x11-2.0 -latk-1.0 -lgdk_pixbuf-2.0 -lm -lpangoxft-1.0 -lpangox-1.0 -lpango-1.0 -lgobject-2.0 -lgmodule-2.0 -ldl -lglib-2.0  
configure:4000: checking for sys/types.h
configure:4016: gcc -c -g -O2  conftest.c >&5
configure:4022: $? = 0
configure:4026: test -z 
			 || test ! -s conftest.err
configure:4029: $? = 0
configure:4032: test -s conftest.o
configure:4035: $? = 0
configure:4046: result: yes
configure:4000: checking for sys/stat.h
configure:4016: gcc -c -g -O2  conftest.c >&5
configure:4022: $? = 0
configure:4026: test -z 
			 || test ! -s conftest.err
configure:4029: $? = 0
configure:4032: test -s conftest.o
configure:4035: $? = 0
configure:4046: result: yes
configure:4000: checking for stdlib.h
configure:4016: gcc -c -g -O2  conftest.c >&5
configure:4022: $? = 0
configure:4026: test -z 
			 || test ! -s conftest.err
configure:4029: $? = 0
configure:4032: test -s conftest.o
configure:4035: $? = 0
configure:4046: result: yes
configure:4000: checking for string.h
configure:4016: gcc -c -g -O2  conftest.c >&5
configure:4022: $? = 0
configure:4026: test -z 
			 || test ! -s conftest.err
configure:4029: $? = 0
configure:4032: test -s conftest.o
configure:4035: $? = 0
configure:4046: result: yes
configure:4000: checking for memory.h
configure:4016: gcc -c -g -O2  conftest.c >&5
configure:4022: $? = 0
configure:4026: test -z 
			 || test ! -s conftest.err
configure:4029: $? = 0
configure:4032: test -s conftest.o
configure:4035: $? = 0
configure:4046: result: yes
configure:4000: checking for strings.h
configure:4016: gcc -c -g -O2  conftest.c >&5
configure:4022: $? = 0
configure:4026: test -z 
			 || test ! -s conftest.err
configure:4029: $? = 0
configure:4032: test -s conftest.o
configure:4035: $? = 0
configure:4046: result: yes
configure:4000: checking for inttypes.h
configure:4016: gcc -c -g -O2  conftest.c >&5
configure:4022: $? = 0
configure:4026: test -z 
			 || test ! -s conftest.err
configure:4029: $? = 0
configure:4032: test -s conftest.o
configure:4035: $? = 0
configure:4046: result: yes
configure:4000: checking for stdint.h
configure:4016: gcc -c -g -O2  conftest.c >&5
configure:4022: $? = 0
configure:4026: test -z 
			 || test ! -s conftest.err
configure:4029: $? = 0
configure:4032: test -s conftest.o
configure:4035: $? = 0
configure:4046: result: yes
configure:4000: checking for unistd.h
configure:4016: gcc -c -g -O2  conftest.c >&5
configure:4022: $? = 0
configure:4026: test -z 
			 || test ! -s conftest.err
configure:4029: $? = 0
configure:4032: test -s conftest.o
configure:4035: $? = 0
configure:4046: result: yes
configure:4073: checking locale.h usability
configure:4085: gcc -c -g -O2  conftest.c >&5
configure:4091: $? = 0
configure:4095: test -z 
			 || test ! -s conftest.err
configure:4098: $? = 0
configure:4101: test -s conftest.o
configure:4104: $? = 0
configure:4114: result: yes
configure:4118: checking locale.h presence
configure:4128: gcc -E  conftest.c
configure:4134: $? = 0
configure:4154: result: yes
configure:4189: checking for locale.h
configure:4196: result: yes
configure:4210: checking for LC_MESSAGES
configure:4231: gcc -o conftest -g -O2   conftest.c  >&5
configure:4237: $? = 0
configure:4241: test -z 
			 || test ! -s conftest.err
configure:4244: $? = 0
configure:4247: test -s conftest
configure:4250: $? = 0
configure:4262: result: yes
configure:4291: checking libintl.h usability
configure:4303: gcc -c -g -O2  conftest.c >&5
configure:4309: $? = 0
configure:4313: test -z 
			 || test ! -s conftest.err
configure:4316: $? = 0
configure:4319: test -s conftest.o
configure:4322: $? = 0
configure:4332: result: yes
configure:4336: checking libintl.h presence
configure:4346: gcc -E  conftest.c
configure:4352: $? = 0
configure:4372: result: yes
configure:4407: checking for libintl.h
configure:4414: result: yes
configure:4425: checking for ngettext in libc
configure:4448: gcc -o conftest -g -O2   conftest.c  >&5
configure:4454: $? = 0
configure:4458: test -z 
			 || test ! -s conftest.err
configure:4461: $? = 0
configure:4464: test -s conftest
configure:4467: $? = 0
configure:4480: result: yes
configure:4484: checking for dgettext in libc
configure:4507: gcc -o conftest -g -O2   conftest.c  >&5
configure:4513: $? = 0
configure:4517: test -z 
			 || test ! -s conftest.err
configure:4520: $? = 0
configure:4523: test -s conftest
configure:4526: $? = 0
configure:4539: result: yes
configure:4548: checking for bind_textdomain_codeset
configure:4605: gcc -o conftest -g -O2   conftest.c  >&5
configure:4611: $? = 0
configure:4615: test -z 
			 || test ! -s conftest.err
configure:4618: $? = 0
configure:4621: test -s conftest
configure:4624: $? = 0
configure:4636: result: yes
configure:5146: checking for msgfmt
configure:5173: result: /usr/bin/msgfmt
configure:5186: checking for dcgettext
configure:5243: gcc -o conftest -g -O2   conftest.c   >&5
conftest.c:50: warning: conflicting types for built-in function 'dcgettext'
configure:5249: $? = 0
configure:5253: test -z 
			 || test ! -s conftest.err
configure:5256: $? = 0
configure:5259: test -s conftest
configure:5262: $? = 0
configure:5274: result: yes
configure:5286: checking for gmsgfmt
configure:5317: result: /usr/bin/msgfmt
configure:5326: checking for xgettext
configure:5353: result: /usr/bin/xgettext
configure:5377: gcc -o conftest -g -O2   conftest.c   >&5
configure:5383: $? = 0
configure:5387: test -z 
			 || test ! -s conftest.err
configure:5390: $? = 0
configure:5393: test -s conftest
configure:5396: $? = 0
configure:5723: creating ./config.status

## ---------------------- ##
## Running config.status. ##
## ---------------------- ##

This file was extended by config.status, which was
generated by GNU Autoconf 2.59.  Invocation command line was

  CONFIG_FILES    = 
  CONFIG_HEADERS  = 
  CONFIG_LINKS    = 
  CONFIG_COMMANDS = 
  $ ./config.status 

on server.lan

config.status:695: creating Makefile
config.status:695: creating src/Makefile
config.status:695: creating po/Makefile.in
config.status:799: creating config.h
config.status:919: config.h is unchanged
config.status:1077: executing default-1 commands
config.status:1077: executing default-2 commands

## ---------------- ##
## Cache variables. ##
## ---------------- ##

ac_cv_c_compiler_gnu=yes
ac_cv_env_CC_set=
ac_cv_env_CC_value=
ac_cv_env_CFLAGS_set=
ac_cv_env_CFLAGS_value=
ac_cv_env_CPPFLAGS_set=
ac_cv_env_CPPFLAGS_value=
ac_cv_env_CPP_set=
ac_cv_env_CPP_value=
ac_cv_env_LDFLAGS_set=
ac_cv_env_LDFLAGS_value=
ac_cv_env_build_alias_set=
ac_cv_env_build_alias_value=
ac_cv_env_host_alias_set=
ac_cv_env_host_alias_value=
ac_cv_env_target_alias_set=
ac_cv_env_target_alias_value=
ac_cv_exeext=
ac_cv_func_bind_textdomain_codeset=yes
ac_cv_func_dcgettext=yes
ac_cv_header_inttypes_h=yes
ac_cv_header_libintl_h=yes
ac_cv_header_locale_h=yes
ac_cv_header_memory_h=yes
ac_cv_header_stdc=yes
ac_cv_header_stdint_h=yes
ac_cv_header_stdlib_h=yes
ac_cv_header_string_h=yes
ac_cv_header_strings_h=yes
ac_cv_header_sys_stat_h=yes
ac_cv_header_sys_types_h=yes
ac_cv_header_unistd_h=yes
ac_cv_lib_cposix_strerror=no
ac_cv_objext=o
ac_cv_path_GMSGFMT=/usr/bin/msgfmt
ac_cv_path_MSGFMT=/usr/bin/msgfmt
ac_cv_path_PKG_CONFIG=/usr/bin/pkg-config
ac_cv_path_XGETTEXT=/usr/bin/xgettext
ac_cv_path_install='/usr/bin/install -c'
ac_cv_prog_CPP='gcc -E'
ac_cv_prog_ac_ct_CC=gcc
ac_cv_prog_cc_g=yes
ac_cv_prog_cc_stdc=
ac_cv_prog_egrep='grep -E'
ac_cv_prog_make_make_set=yes
am_cv_prog_cc_stdc=
am_cv_val_LC_MESSAGES=yes
gt_cv_func_dgettext_libc=yes
gt_cv_func_dgettext_libintl=no
gt_cv_func_ngettext_libc=yes
gt_cv_have_gettext=yes

## ----------------- ##
## Output variables. ##
## ----------------- ##

ACLOCAL='aclocal-1.4'
AUTOCONF='autoconf'
AUTOHEADER='autoheader'
AUTOMAKE='automake-1.4'
CATALOGS=''
CATOBJEXT='.gmo'
CC='gcc'
CFLAGS='-g -O2'
CPP='gcc -E'
CPPFLAGS=''
DATADIRNAME='share'
DEFS='-DHAVE_CONFIG_H'
ECHO_C=''
ECHO_N='-n'
ECHO_T=''
EGREP='grep -E'
EXEEXT=''
GETTEXT_PACKAGE='keytouch'
GMOFILES=''
GMSGFMT='/usr/bin/msgfmt'
INSTALL_DATA='${INSTALL} -m 644'
INSTALL_PROGRAM='${INSTALL}'
INSTALL_SCRIPT='${INSTALL}'
INSTOBJEXT='.mo'
INTLLIBS=''
LDFLAGS=''
LIBOBJS=''
LIBS=''
LTLIBOBJS=''
MAINT=''
MAINTAINER_MODE_FALSE='#'
MAINTAINER_MODE_TRUE=''
MAKEINFO='makeinfo'
MKINSTALLDIRS='./mkinstalldirs'
MSGFMT='/usr/bin/msgfmt'
OBJEXT='o'
PACKAGE='keyTouch'
PACKAGE_BUGREPORT=''
PACKAGE_CFLAGS='-DXTHREADS -D_REENTRANT -DXUSE_MTSAFE_API -I/usr/include/gtk-2.0 -I/usr/lib/gtk-2.0/include -I/usr/X11R6/include -I/usr/include/atk-1.0 -I/usr/include/pango-1.0 -I/usr/include/freetype2 -I/usr/include/freetype2/freetype2 -I/usr/include/freetype2/freetype2/config -I/usr/include/glib-2.0 -I/usr/lib/glib-2.0/include  '
PACKAGE_LIBS='-lgtk-x11-2.0 -lgdk-x11-2.0 -latk-1.0 -lgdk_pixbuf-2.0 -lm -lpangoxft-1.0 -lpangox-1.0 -lpango-1.0 -lgobject-2.0 -lgmodule-2.0 -ldl -lglib-2.0  '
PACKAGE_NAME=''
PACKAGE_STRING=''
PACKAGE_TARNAME=''
PACKAGE_VERSION=''
PATH_SEPARATOR=':'
PKG_CONFIG='/usr/bin/pkg-config'
POFILES=''
POSUB='po'
PO_IN_DATADIR_FALSE=''
PO_IN_DATADIR_TRUE=''
SET_MAKE=''
SHELL='/bin/sh'
USE_NLS='yes'
VERSION='1.1'
XGETTEXT='/usr/bin/xgettext'
ac_ct_CC='gcc'
bindir='${exec_prefix}/bin'
build_alias=''
datadir='${prefix}/share'
exec_prefix='${prefix}'
host_alias=''
includedir='${prefix}/include'
infodir='${prefix}/info'
libdir='${exec_prefix}/lib'
libexecdir='${exec_prefix}/libexec'
localstatedir='${prefix}/var'
mandir='${prefix}/man'
oldincludedir='/usr/include'
prefix='/usr/local'
program_transform_name='s,x,x,'
sbindir='${exec_prefix}/sbin'
sharedstatedir='${prefix}/com'
sysconfdir='${prefix}/etc'
target_alias=''

## ----------- ##
## confdefs.h. ##
## ----------- ##

#define ENABLE_NLS 1
#define GETTEXT_PACKAGE "keytouch"
#define HAVE_BIND_TEXTDOMAIN_CODESET 1
#define HAVE_DCGETTEXT 1
#define HAVE_GETTEXT 1
#define HAVE_INTTYPES_H 1
#define HAVE_LC_MESSAGES 1
#define HAVE_LOCALE_H 1
#define HAVE_MEMORY_H 1
#define HAVE_STDINT_H 1
#define HAVE_STDLIB_H 1
#define HAVE_STRINGS_H 1
#define HAVE_STRING_H 1
#define HAVE_SYS_STAT_H 1
#define HAVE_SYS_TYPES_H 1
#define HAVE_UNISTD_H 1
#define PACKAGE "keyTouch"
#define PACKAGE_BUGREPORT ""
#define PACKAGE_NAME ""
#define PACKAGE_STRING ""
#define PACKAGE_TARNAME ""
#define PACKAGE_VERSION ""
#define STDC_HEADERS 1
#define VERSION "1.1"

configure: exit 0
